Analysis & Elaboration report for Lab2SigTap_M
Mon Mar 27 17:12:25 2023
Quartus Prime Version 18.1.0 Build 625 09/12/2018 SJ Standard Edition


---------------------
; Table of Contents ;
---------------------
  1. Legal Notice
  2. Analysis & Elaboration Summary
  3. Parallel Compilation
  4. Analysis & Elaboration Settings
  5. Analysis & Elaboration Messages
  6. Analysis & Elaboration Suppressed Messages



----------------
; Legal Notice ;
----------------
Copyright (C) 2018  Intel Corporation. All rights reserved.
Your use of Intel Corporation's design tools, logic functions 
and other software and tools, and its AMPP partner logic 
functions, and any output files from any of the foregoing 
(including device programming or simulation files), and any 
associated documentation or information are expressly subject 
to the terms and conditions of the Intel Program License 
Subscription Agreement, the Intel Quartus Prime License Agreement,
the Intel FPGA IP License Agreement, or other applicable license
agreement, including, without limitation, that your use is for
the sole purpose of programming logic devices manufactured by
Intel and sold by Intel or its authorized distributors.  Please
refer to the applicable agreement for further details.



+--------------------------------------------------------------------------------------+
; Analysis & Elaboration Summary                                                       ;
+------------------------------------+-------------------------------------------------+
; Analysis & Elaboration Status      ; Failed - Mon Mar 27 17:12:25 2023               ;
; Quartus Prime Version              ; 18.1.0 Build 625 09/12/2018 SJ Standard Edition ;
; Revision Name                      ; Lab2SigTap_M                                    ;
; Top-level Entity Name              ; Lab2SigTap_M                                    ;
; Family                             ; MAX 10                                          ;
; Total logic elements               ; N/A until Partition Merge                       ;
;     Total combinational functions  ; N/A until Partition Merge                       ;
;     Dedicated logic registers      ; N/A until Partition Merge                       ;
; Total registers                    ; N/A until Partition Merge                       ;
; Total pins                         ; N/A until Partition Merge                       ;
; Total virtual pins                 ; N/A until Partition Merge                       ;
; Total memory bits                  ; N/A until Partition Merge                       ;
; Embedded Multiplier 9-bit elements ; N/A until Partition Merge                       ;
; Total PLLs                         ; N/A until Partition Merge                       ;
; UFM blocks                         ; N/A until Partition Merge                       ;
; ADC blocks                         ; N/A until Partition Merge                       ;
+------------------------------------+-------------------------------------------------+


+------------------------------------------+
; Parallel Compilation                     ;
+----------------------------+-------------+
; Processors                 ; Number      ;
+----------------------------+-------------+
; Number detected on machine ; 12          ;
; Maximum allowed            ; 6           ;
;                            ;             ;
; Average used               ; 1.00        ;
; Maximum used               ; 1           ;
;                            ;             ;
; Usage by Processor         ; % Time Used ;
;     Processor 1            ; 100.0%      ;
+----------------------------+-------------+


+------------------------------------------------------------------------------------------------------------+
; Analysis & Elaboration Settings                                                                            ;
+------------------------------------------------------------------+--------------------+--------------------+
; Option                                                           ; Setting            ; Default Value      ;
+------------------------------------------------------------------+--------------------+--------------------+
; Device                                                           ; 10M50DAF484C7G     ;                    ;
; Top-level entity name                                            ; Lab2SigTap_M       ; Lab2SigTap_M       ;
; Family name                                                      ; MAX 10             ; Cyclone V          ;
; Maximum processors allowed for parallel compilation              ; All                ;                    ;
; Use smart compilation                                            ; Off                ; Off                ;
; Enable parallel Assembler and Timing Analyzer during compilation ; On                 ; On                 ;
; Enable compact report table                                      ; Off                ; Off                ;
; Restructure Multiplexers                                         ; Auto               ; Auto               ;
; Create Debugging Nodes for IP Cores                              ; Off                ; Off                ;
; Preserve fewer node names                                        ; On                 ; On                 ;
; Intel FPGA IP Evaluation Mode                                    ; Enable             ; Enable             ;
; Verilog Version                                                  ; Verilog_2001       ; Verilog_2001       ;
; VHDL Version                                                     ; VHDL_1993          ; VHDL_1993          ;
; State Machine Processing                                         ; Auto               ; Auto               ;
; Safe State Machine                                               ; Off                ; Off                ;
; Extract Verilog State Machines                                   ; On                 ; On                 ;
; Extract VHDL State Machines                                      ; On                 ; On                 ;
; Ignore Verilog initial constructs                                ; Off                ; Off                ;
; Iteration limit for constant Verilog loops                       ; 5000               ; 5000               ;
; Iteration limit for non-constant Verilog loops                   ; 250                ; 250                ;
; Add Pass-Through Logic to Inferred RAMs                          ; On                 ; On                 ;
; Infer RAMs from Raw Logic                                        ; On                 ; On                 ;
; Parallel Synthesis                                               ; On                 ; On                 ;
; DSP Block Balancing                                              ; Auto               ; Auto               ;
; NOT Gate Push-Back                                               ; On                 ; On                 ;
; Power-Up Don't Care                                              ; On                 ; On                 ;
; Remove Redundant Logic Cells                                     ; Off                ; Off                ;
; Remove Duplicate Registers                                       ; On                 ; On                 ;
; Ignore CARRY Buffers                                             ; Off                ; Off                ;
; Ignore CASCADE Buffers                                           ; Off                ; Off                ;
; Ignore GLOBAL Buffers                                            ; Off                ; Off                ;
; Ignore ROW GLOBAL Buffers                                        ; Off                ; Off                ;
; Ignore LCELL Buffers                                             ; Off                ; Off                ;
; Ignore SOFT Buffers                                              ; On                 ; On                 ;
; Limit AHDL Integers to 32 Bits                                   ; Off                ; Off                ;
; Optimization Technique                                           ; Balanced           ; Balanced           ;
; Carry Chain Length                                               ; 70                 ; 70                 ;
; Auto Carry Chains                                                ; On                 ; On                 ;
; Auto Open-Drain Pins                                             ; On                 ; On                 ;
; Perform WYSIWYG Primitive Resynthesis                            ; Off                ; Off                ;
; Auto ROM Replacement                                             ; On                 ; On                 ;
; Auto RAM Replacement                                             ; On                 ; On                 ;
; Auto DSP Block Replacement                                       ; On                 ; On                 ;
; Auto Shift Register Replacement                                  ; Auto               ; Auto               ;
; Allow Shift Register Merging across Hierarchies                  ; Auto               ; Auto               ;
; Auto Clock Enable Replacement                                    ; On                 ; On                 ;
; Strict RAM Replacement                                           ; Off                ; Off                ;
; Allow Synchronous Control Signals                                ; On                 ; On                 ;
; Force Use of Synchronous Clear Signals                           ; Off                ; Off                ;
; Auto RAM Block Balancing                                         ; On                 ; On                 ;
; Auto RAM to Logic Cell Conversion                                ; Off                ; Off                ;
; Auto Resource Sharing                                            ; Off                ; Off                ;
; Allow Any RAM Size For Recognition                               ; Off                ; Off                ;
; Allow Any ROM Size For Recognition                               ; Off                ; Off                ;
; Allow Any Shift Register Size For Recognition                    ; Off                ; Off                ;
; Use LogicLock Constraints during Resource Balancing              ; On                 ; On                 ;
; Ignore translate_off and synthesis_off directives                ; Off                ; Off                ;
; Timing-Driven Synthesis                                          ; On                 ; On                 ;
; Report Parameter Settings                                        ; On                 ; On                 ;
; Report Source Assignments                                        ; On                 ; On                 ;
; Report Connectivity Checks                                       ; On                 ; On                 ;
; Ignore Maximum Fan-Out Assignments                               ; Off                ; Off                ;
; Synchronization Register Chain Length                            ; 2                  ; 2                  ;
; Power Optimization During Synthesis                              ; Normal compilation ; Normal compilation ;
; HDL message level                                                ; Level2             ; Level2             ;
; Suppress Register Optimization Related Messages                  ; Off                ; Off                ;
; Number of Removed Registers Reported in Synthesis Report         ; 5000               ; 5000               ;
; Number of Swept Nodes Reported in Synthesis Report               ; 5000               ; 5000               ;
; Number of Inverted Registers Reported in Synthesis Report        ; 100                ; 100                ;
; Clock MUX Protection                                             ; On                 ; On                 ;
; Auto Gated Clock Conversion                                      ; Off                ; Off                ;
; Block Design Naming                                              ; Auto               ; Auto               ;
; SDC constraint protection                                        ; Off                ; Off                ;
; Synthesis Effort                                                 ; Auto               ; Auto               ;
; Shift Register Replacement - Allow Asynchronous Clear Signal     ; On                 ; On                 ;
; Pre-Mapping Resynthesis Optimization                             ; Off                ; Off                ;
; Analysis & Synthesis Message Level                               ; Medium             ; Medium             ;
; Disable Register Merging Across Hierarchies                      ; Auto               ; Auto               ;
; Resource Aware Inference For Block RAM                           ; On                 ; On                 ;
+------------------------------------------------------------------+--------------------+--------------------+


+---------------------------------+
; Analysis & Elaboration Messages ;
+---------------------------------+
Info (20030): Parallel compilation is enabled and will use 6 of the 6 processors detected
Warning (12019): Can't analyze file -- file Lab2SigTap_M.bdf is missing
Info (12021): Found 1 design units, including 1 entities, in source file system2m/synthesis/system2m.v
    Info (12023): Found entity 1: System2M File: D:/Projets_Quartus/rc4/System2M/synthesis/System2M.v Line: 6
Info (12021): Found 1 design units, including 1 entities, in source file system2m/synthesis/submodules/altera_reset_controller.v
    Info (12023): Found entity 1: altera_reset_controller File: D:/Projets_Quartus/rc4/System2M/synthesis/submodules/altera_reset_controller.v Line: 42
Info (12021): Found 1 design units, including 1 entities, in source file system2m/synthesis/submodules/altera_reset_synchronizer.v
    Info (12023): Found entity 1: altera_reset_synchronizer File: D:/Projets_Quartus/rc4/System2M/synthesis/submodules/altera_reset_synchronizer.v Line: 24
Info (12021): Found 1 design units, including 1 entities, in source file system2m/synthesis/submodules/system2m_irq_mapper.sv
    Info (12023): Found entity 1: System2M_irq_mapper File: D:/Projets_Quartus/rc4/System2M/synthesis/submodules/System2M_irq_mapper.sv Line: 31
Info (12021): Found 1 design units, including 1 entities, in source file system2m/synthesis/submodules/system2m_mm_interconnect_0.v
    Info (12023): Found entity 1: System2M_mm_interconnect_0 File: D:/Projets_Quartus/rc4/System2M/synthesis/submodules/System2M_mm_interconnect_0.v Line: 9
Info (12021): Found 1 design units, including 1 entities, in source file system2m/synthesis/submodules/system2m_mm_interconnect_0_avalon_st_adapter.v
    Info (12023): Found entity 1: System2M_mm_interconnect_0_avalon_st_adapter File: D:/Projets_Quartus/rc4/System2M/synthesis/submodules/System2M_mm_interconnect_0_avalon_st_adapter.v Line: 9
Info (12021): Found 1 design units, including 1 entities, in source file system2m/synthesis/submodules/system2m_mm_interconnect_0_avalon_st_adapter_error_adapter_0.sv
    Info (12023): Found entity 1: System2M_mm_interconnect_0_avalon_st_adapter_error_adapter_0 File: D:/Projets_Quartus/rc4/System2M/synthesis/submodules/System2M_mm_interconnect_0_avalon_st_adapter_error_adapter_0.sv Line: 66
Info (12021): Found 1 design units, including 1 entities, in source file system2m/synthesis/submodules/system2m_mm_interconnect_0_rsp_mux_001.sv
    Info (12023): Found entity 1: System2M_mm_interconnect_0_rsp_mux_001 File: D:/Projets_Quartus/rc4/System2M/synthesis/submodules/System2M_mm_interconnect_0_rsp_mux_001.sv Line: 51
Info (12021): Found 2 design units, including 2 entities, in source file system2m/synthesis/submodules/altera_merlin_arbitrator.sv
    Info (12023): Found entity 1: altera_merlin_arbitrator File: D:/Projets_Quartus/rc4/System2M/synthesis/submodules/altera_merlin_arbitrator.sv Line: 103
    Info (12023): Found entity 2: altera_merlin_arb_adder File: D:/Projets_Quartus/rc4/System2M/synthesis/submodules/altera_merlin_arbitrator.sv Line: 228
Info (12021): Found 1 design units, including 1 entities, in source file system2m/synthesis/submodules/system2m_mm_interconnect_0_rsp_mux.sv
    Info (12023): Found entity 1: System2M_mm_interconnect_0_rsp_mux File: D:/Projets_Quartus/rc4/System2M/synthesis/submodules/System2M_mm_interconnect_0_rsp_mux.sv Line: 51
Info (12021): Found 1 design units, including 1 entities, in source file system2m/synthesis/submodules/system2m_mm_interconnect_0_rsp_demux.sv
    Info (12023): Found entity 1: System2M_mm_interconnect_0_rsp_demux File: D:/Projets_Quartus/rc4/System2M/synthesis/submodules/System2M_mm_interconnect_0_rsp_demux.sv Line: 43
Info (12021): Found 1 design units, including 1 entities, in source file system2m/synthesis/submodules/system2m_mm_interconnect_0_cmd_mux_003.sv
    Info (12023): Found entity 1: System2M_mm_interconnect_0_cmd_mux_003 File: D:/Projets_Quartus/rc4/System2M/synthesis/submodules/System2M_mm_interconnect_0_cmd_mux_003.sv Line: 51
Info (12021): Found 1 design units, including 1 entities, in source file system2m/synthesis/submodules/system2m_mm_interconnect_0_cmd_mux.sv
    Info (12023): Found entity 1: System2M_mm_interconnect_0_cmd_mux File: D:/Projets_Quartus/rc4/System2M/synthesis/submodules/System2M_mm_interconnect_0_cmd_mux.sv Line: 51
Info (12021): Found 1 design units, including 1 entities, in source file system2m/synthesis/submodules/system2m_mm_interconnect_0_cmd_demux_001.sv
    Info (12023): Found entity 1: System2M_mm_interconnect_0_cmd_demux_001 File: D:/Projets_Quartus/rc4/System2M/synthesis/submodules/System2M_mm_interconnect_0_cmd_demux_001.sv Line: 43
Info (12021): Found 1 design units, including 1 entities, in source file system2m/synthesis/submodules/system2m_mm_interconnect_0_cmd_demux.sv
    Info (12023): Found entity 1: System2M_mm_interconnect_0_cmd_demux File: D:/Projets_Quartus/rc4/System2M/synthesis/submodules/System2M_mm_interconnect_0_cmd_demux.sv Line: 43
Info (12021): Found 2 design units, including 2 entities, in source file system2m/synthesis/submodules/system2m_mm_interconnect_0_router_005.sv
    Info (12023): Found entity 1: System2M_mm_interconnect_0_router_005_default_decode File: D:/Projets_Quartus/rc4/System2M/synthesis/submodules/System2M_mm_interconnect_0_router_005.sv Line: 45
    Info (12023): Found entity 2: System2M_mm_interconnect_0_router_005 File: D:/Projets_Quartus/rc4/System2M/synthesis/submodules/System2M_mm_interconnect_0_router_005.sv Line: 84
Info (12021): Found 2 design units, including 2 entities, in source file system2m/synthesis/submodules/system2m_mm_interconnect_0_router_002.sv
    Info (12023): Found entity 1: System2M_mm_interconnect_0_router_002_default_decode File: D:/Projets_Quartus/rc4/System2M/synthesis/submodules/System2M_mm_interconnect_0_router_002.sv Line: 45
    Info (12023): Found entity 2: System2M_mm_interconnect_0_router_002 File: D:/Projets_Quartus/rc4/System2M/synthesis/submodules/System2M_mm_interconnect_0_router_002.sv Line: 84
Info (12021): Found 2 design units, including 2 entities, in source file system2m/synthesis/submodules/system2m_mm_interconnect_0_router_001.sv
    Info (12023): Found entity 1: System2M_mm_interconnect_0_router_001_default_decode File: D:/Projets_Quartus/rc4/System2M/synthesis/submodules/System2M_mm_interconnect_0_router_001.sv Line: 45
    Info (12023): Found entity 2: System2M_mm_interconnect_0_router_001 File: D:/Projets_Quartus/rc4/System2M/synthesis/submodules/System2M_mm_interconnect_0_router_001.sv Line: 84
Info (12021): Found 2 design units, including 2 entities, in source file system2m/synthesis/submodules/system2m_mm_interconnect_0_router.sv
    Info (12023): Found entity 1: System2M_mm_interconnect_0_router_default_decode File: D:/Projets_Quartus/rc4/System2M/synthesis/submodules/System2M_mm_interconnect_0_router.sv Line: 45
    Info (12023): Found entity 2: System2M_mm_interconnect_0_router File: D:/Projets_Quartus/rc4/System2M/synthesis/submodules/System2M_mm_interconnect_0_router.sv Line: 84
Info (12021): Found 1 design units, including 1 entities, in source file system2m/synthesis/submodules/altera_avalon_sc_fifo.v
    Info (12023): Found entity 1: altera_avalon_sc_fifo File: D:/Projets_Quartus/rc4/System2M/synthesis/submodules/altera_avalon_sc_fifo.v Line: 21
Info (12021): Found 1 design units, including 1 entities, in source file system2m/synthesis/submodules/altera_merlin_slave_agent.sv
    Info (12023): Found entity 1: altera_merlin_slave_agent File: D:/Projets_Quartus/rc4/System2M/synthesis/submodules/altera_merlin_slave_agent.sv Line: 34
Info (12021): Found 1 design units, including 1 entities, in source file system2m/synthesis/submodules/altera_merlin_burst_uncompressor.sv
    Info (12023): Found entity 1: altera_merlin_burst_uncompressor File: D:/Projets_Quartus/rc4/System2M/synthesis/submodules/altera_merlin_burst_uncompressor.sv Line: 40
Info (12021): Found 1 design units, including 1 entities, in source file system2m/synthesis/submodules/altera_merlin_master_agent.sv
    Info (12023): Found entity 1: altera_merlin_master_agent File: D:/Projets_Quartus/rc4/System2M/synthesis/submodules/altera_merlin_master_agent.sv Line: 28
Info (12021): Found 1 design units, including 1 entities, in source file system2m/synthesis/submodules/altera_merlin_slave_translator.sv
    Info (12023): Found entity 1: altera_merlin_slave_translator File: D:/Projets_Quartus/rc4/System2M/synthesis/submodules/altera_merlin_slave_translator.sv Line: 35
Info (12021): Found 1 design units, including 1 entities, in source file system2m/synthesis/submodules/altera_merlin_master_translator.sv
    Info (12023): Found entity 1: altera_merlin_master_translator File: D:/Projets_Quartus/rc4/System2M/synthesis/submodules/altera_merlin_master_translator.sv Line: 32
Info (12021): Found 1 design units, including 1 entities, in source file system2m/synthesis/submodules/system2m_perf_counter.v
    Info (12023): Found entity 1: System2M_perf_counter File: D:/Projets_Quartus/rc4/System2M/synthesis/submodules/System2M_perf_counter.v Line: 21
Info (12021): Found 5 design units, including 5 entities, in source file system2m/synthesis/submodules/system2m_jtag_uart_0.v
    Info (12023): Found entity 1: System2M_jtag_uart_0_sim_scfifo_w File: D:/Projets_Quartus/rc4/System2M/synthesis/submodules/System2M_jtag_uart_0.v Line: 21
    Info (12023): Found entity 2: System2M_jtag_uart_0_scfifo_w File: D:/Projets_Quartus/rc4/System2M/synthesis/submodules/System2M_jtag_uart_0.v Line: 78
    Info (12023): Found entity 3: System2M_jtag_uart_0_sim_scfifo_r File: D:/Projets_Quartus/rc4/System2M/synthesis/submodules/System2M_jtag_uart_0.v Line: 164
    Info (12023): Found entity 4: System2M_jtag_uart_0_scfifo_r File: D:/Projets_Quartus/rc4/System2M/synthesis/submodules/System2M_jtag_uart_0.v Line: 243
    Info (12023): Found entity 5: System2M_jtag_uart_0 File: D:/Projets_Quartus/rc4/System2M/synthesis/submodules/System2M_jtag_uart_0.v Line: 331
Info (12021): Found 1 design units, including 1 entities, in source file system2m/synthesis/submodules/headcypher.v
    Info (12023): Found entity 1: MD_CipherIP File: D:/Projets_Quartus/rc4/System2M/synthesis/submodules/HeadCypher.v Line: 8
Info (12021): Found 1 design units, including 1 entities, in source file system2m/synthesis/submodules/system2m_onchip_mem.v
    Info (12023): Found entity 1: System2M_OnChip_Mem File: D:/Projets_Quartus/rc4/System2M/synthesis/submodules/System2M_OnChip_Mem.v Line: 21
Info (12021): Found 1 design units, including 1 entities, in source file system2m/synthesis/submodules/system2m_nios2_cpu.v
    Info (12023): Found entity 1: System2M_NIOS2_CPU File: D:/Projets_Quartus/rc4/System2M/synthesis/submodules/System2M_NIOS2_CPU.v Line: 9
Info (12021): Found 21 design units, including 21 entities, in source file system2m/synthesis/submodules/system2m_nios2_cpu_cpu.v
    Info (12023): Found entity 1: System2M_NIOS2_CPU_cpu_register_bank_a_module File: D:/Projets_Quartus/rc4/System2M/synthesis/submodules/System2M_NIOS2_CPU_cpu.v Line: 21
    Info (12023): Found entity 2: System2M_NIOS2_CPU_cpu_register_bank_b_module File: D:/Projets_Quartus/rc4/System2M/synthesis/submodules/System2M_NIOS2_CPU_cpu.v Line: 87
    Info (12023): Found entity 3: System2M_NIOS2_CPU_cpu_nios2_oci_debug File: D:/Projets_Quartus/rc4/System2M/synthesis/submodules/System2M_NIOS2_CPU_cpu.v Line: 153
    Info (12023): Found entity 4: System2M_NIOS2_CPU_cpu_nios2_oci_break File: D:/Projets_Quartus/rc4/System2M/synthesis/submodules/System2M_NIOS2_CPU_cpu.v Line: 295
    Info (12023): Found entity 5: System2M_NIOS2_CPU_cpu_nios2_oci_xbrk File: D:/Projets_Quartus/rc4/System2M/synthesis/submodules/System2M_NIOS2_CPU_cpu.v Line: 588
    Info (12023): Found entity 6: System2M_NIOS2_CPU_cpu_nios2_oci_dbrk File: D:/Projets_Quartus/rc4/System2M/synthesis/submodules/System2M_NIOS2_CPU_cpu.v Line: 795
    Info (12023): Found entity 7: System2M_NIOS2_CPU_cpu_nios2_oci_itrace File: D:/Projets_Quartus/rc4/System2M/synthesis/submodules/System2M_NIOS2_CPU_cpu.v Line: 982
    Info (12023): Found entity 8: System2M_NIOS2_CPU_cpu_nios2_oci_td_mode File: D:/Projets_Quartus/rc4/System2M/synthesis/submodules/System2M_NIOS2_CPU_cpu.v Line: 1115
    Info (12023): Found entity 9: System2M_NIOS2_CPU_cpu_nios2_oci_dtrace File: D:/Projets_Quartus/rc4/System2M/synthesis/submodules/System2M_NIOS2_CPU_cpu.v Line: 1183
    Info (12023): Found entity 10: System2M_NIOS2_CPU_cpu_nios2_oci_compute_input_tm_cnt File: D:/Projets_Quartus/rc4/System2M/synthesis/submodules/System2M_NIOS2_CPU_cpu.v Line: 1265
    Info (12023): Found entity 11: System2M_NIOS2_CPU_cpu_nios2_oci_fifo_wrptr_inc File: D:/Projets_Quartus/rc4/System2M/synthesis/submodules/System2M_NIOS2_CPU_cpu.v Line: 1337
    Info (12023): Found entity 12: System2M_NIOS2_CPU_cpu_nios2_oci_fifo_cnt_inc File: D:/Projets_Quartus/rc4/System2M/synthesis/submodules/System2M_NIOS2_CPU_cpu.v Line: 1380
    Info (12023): Found entity 13: System2M_NIOS2_CPU_cpu_nios2_oci_fifo File: D:/Projets_Quartus/rc4/System2M/synthesis/submodules/System2M_NIOS2_CPU_cpu.v Line: 1427
    Info (12023): Found entity 14: System2M_NIOS2_CPU_cpu_nios2_oci_pib File: D:/Projets_Quartus/rc4/System2M/synthesis/submodules/System2M_NIOS2_CPU_cpu.v Line: 1913
    Info (12023): Found entity 15: System2M_NIOS2_CPU_cpu_nios2_oci_im File: D:/Projets_Quartus/rc4/System2M/synthesis/submodules/System2M_NIOS2_CPU_cpu.v Line: 1936
    Info (12023): Found entity 16: System2M_NIOS2_CPU_cpu_nios2_performance_monitors File: D:/Projets_Quartus/rc4/System2M/synthesis/submodules/System2M_NIOS2_CPU_cpu.v Line: 2006
    Info (12023): Found entity 17: System2M_NIOS2_CPU_cpu_nios2_avalon_reg File: D:/Projets_Quartus/rc4/System2M/synthesis/submodules/System2M_NIOS2_CPU_cpu.v Line: 2023
    Info (12023): Found entity 18: System2M_NIOS2_CPU_cpu_ociram_sp_ram_module File: D:/Projets_Quartus/rc4/System2M/synthesis/submodules/System2M_NIOS2_CPU_cpu.v Line: 2116
    Info (12023): Found entity 19: System2M_NIOS2_CPU_cpu_nios2_ocimem File: D:/Projets_Quartus/rc4/System2M/synthesis/submodules/System2M_NIOS2_CPU_cpu.v Line: 2181
    Info (12023): Found entity 20: System2M_NIOS2_CPU_cpu_nios2_oci File: D:/Projets_Quartus/rc4/System2M/synthesis/submodules/System2M_NIOS2_CPU_cpu.v Line: 2362
    Info (12023): Found entity 21: System2M_NIOS2_CPU_cpu File: D:/Projets_Quartus/rc4/System2M/synthesis/submodules/System2M_NIOS2_CPU_cpu.v Line: 2834
Info (12021): Found 1 design units, including 1 entities, in source file system2m/synthesis/submodules/system2m_nios2_cpu_cpu_debug_slave_sysclk.v
    Info (12023): Found entity 1: System2M_NIOS2_CPU_cpu_debug_slave_sysclk File: D:/Projets_Quartus/rc4/System2M/synthesis/submodules/System2M_NIOS2_CPU_cpu_debug_slave_sysclk.v Line: 21
Info (12021): Found 1 design units, including 1 entities, in source file system2m/synthesis/submodules/system2m_nios2_cpu_cpu_debug_slave_tck.v
    Info (12023): Found entity 1: System2M_NIOS2_CPU_cpu_debug_slave_tck File: D:/Projets_Quartus/rc4/System2M/synthesis/submodules/System2M_NIOS2_CPU_cpu_debug_slave_tck.v Line: 21
Info (12021): Found 1 design units, including 1 entities, in source file system2m/synthesis/submodules/system2m_nios2_cpu_cpu_debug_slave_wrapper.v
    Info (12023): Found entity 1: System2M_NIOS2_CPU_cpu_debug_slave_wrapper File: D:/Projets_Quartus/rc4/System2M/synthesis/submodules/System2M_NIOS2_CPU_cpu_debug_slave_wrapper.v Line: 21
Info (12021): Found 1 design units, including 1 entities, in source file system2m/synthesis/submodules/system2m_nios2_cpu_cpu_test_bench.v
    Info (12023): Found entity 1: System2M_NIOS2_CPU_cpu_test_bench File: D:/Projets_Quartus/rc4/System2M/synthesis/submodules/System2M_NIOS2_CPU_cpu_test_bench.v Line: 21
Error (12007): Top-level design entity "Lab2SigTap_M" is undefined
Info (144001): Generated suppressed messages file D:/Projets_Quartus/rc4/output_files/Lab2SigTap_M.map.smsg


+--------------------------------------------+
; Analysis & Elaboration Suppressed Messages ;
+--------------------------------------------+
The suppressed messages can be found in D:/Projets_Quartus/rc4/output_files/Lab2SigTap_M.map.smsg.


